<?xml version="1.0" encoding="UTF-8"?>
<!-- Generated by org.testng.reporters.JUnitReportReporter -->
<testsuite skipped="0" hostname="ip-AC1A0612" name="com.qa.tests.GoogleTest" tests="1" failures="0" timestamp="29 Jun 2020 12:17:42 GMT" time="13.627" errors="0">
  <testcase name="google" time="13.627" classname="com.qa.tests.GoogleTest"/>
</testsuite> <!-- com.qa.tests.GoogleTest -->
